{"uuid":"2111062b-f16b-4d74-ba8e-7f996b435d13","historyId":"d3dcb6ab02c67b793c099261f5f3a3f1","testCaseId":"c794808d72ed74141de88d2d053294ac","fullName":"src/test/resources/Features/validatingmandatoryfields.feature:4","labels":[{"name":"tag","value":"smoketest"},{"name":"host","value":"IN-TN5LPW115856"},{"name":"thread","value":"29964@IN-TN5LPW115856.main(1)"},{"name":"feature","value":"To validate the mandatory fields"},{"name":"story","value":"Validate the login is successful with valid credentials"},{"name":"suite","value":"To validate the mandatory fields"},{"name":"testClass","value":"Validate the login is successful with valid credentials"},{"name":"framework","value":"cucumber4jvm"},{"name":"language","value":"java"},{"name":"gherkin_uri","value":"file:///C:/Users/Akshaya.b/git/cucumber-framework/src/test/resources/Features/validatingmandatoryfields.feature"},{"name":"package","value":"src.test.resources.Features.validatingmandatoryfields_feature.To validate the mandatory fields"}],"links":[],"name":"Validate the login is successful with valid credentials","status":"failed","statusDetails":{"known":false,"muted":false,"flaky":false,"message":"expected [https://bhc5-dev-ed.lightning.force.com/lightning/setup/SetupOneHome/home] but found [https://bhc5-dev-ed.my.salesforce.com/]","trace":"java.lang.AssertionError: expected [https://bhc5-dev-ed.lightning.force.com/lightning/setup/SetupOneHome/home] but found [https://bhc5-dev-ed.my.salesforce.com/]\r\n\tat org.testng.Assert.fail(Assert.java:99)\r\n\tat org.testng.Assert.failNotEquals(Assert.java:1037)\r\n\tat org.testng.Assert.assertEqualsImpl(Assert.java:140)\r\n\tat org.testng.Assert.assertEquals(Assert.java:122)\r\n\tat org.testng.Assert.assertEquals(Assert.java:629)\r\n\tat org.testng.Assert.assertEquals(Assert.java:639)\r\n\tat org.advancedautomation.pageclass.LoginPage.clickLogin(LoginPage.java:43)\r\n\tat stepDefinitions.LoginStep.user_should_click_the_login_button(LoginStep.java:60)\r\n\tat ✽.User should click the login button(file:///C:/Users/Akshaya.b/git/cucumber-framework/src/test/resources/Features/validatingmandatoryfields.feature:7)\r\n"},"stage":"finished","steps":[{"name":"Given User should navigate to the salesforce web application","status":"passed","statusDetails":{"known":false,"muted":false,"flaky":false},"stage":"finished","steps":[],"attachments":[],"parameters":[],"start":1714566996779,"stop":1714566998619},{"name":"When User should enter the username and password","status":"passed","statusDetails":{"known":false,"muted":false,"flaky":false},"stage":"finished","steps":[],"attachments":[],"parameters":[],"start":1714566998619,"stop":1714566999272},{"name":"Then User should click the login button","status":"failed","statusDetails":{"known":false,"muted":false,"flaky":false,"message":"expected [https://bhc5-dev-ed.lightning.force.com/lightning/setup/SetupOneHome/home] but found [https://bhc5-dev-ed.my.salesforce.com/]","trace":"java.lang.AssertionError: expected [https://bhc5-dev-ed.lightning.force.com/lightning/setup/SetupOneHome/home] but found [https://bhc5-dev-ed.my.salesforce.com/]\r\n\tat org.testng.Assert.fail(Assert.java:99)\r\n\tat org.testng.Assert.failNotEquals(Assert.java:1037)\r\n\tat org.testng.Assert.assertEqualsImpl(Assert.java:140)\r\n\tat org.testng.Assert.assertEquals(Assert.java:122)\r\n\tat org.testng.Assert.assertEquals(Assert.java:629)\r\n\tat org.testng.Assert.assertEquals(Assert.java:639)\r\n\tat org.advancedautomation.pageclass.LoginPage.clickLogin(LoginPage.java:43)\r\n\tat stepDefinitions.LoginStep.user_should_click_the_login_button(LoginStep.java:60)\r\n\tat ✽.User should click the login button(file:///C:/Users/Akshaya.b/git/cucumber-framework/src/test/resources/Features/validatingmandatoryfields.feature:7)\r\n"},"stage":"finished","steps":[],"attachments":[],"parameters":[],"start":1714566999272,"stop":1714566999623}],"attachments":[],"parameters":[],"start":1714566992353,"stop":1714567001867}